<?xml version="1.0" encoding="UTF-8"?>
<!-- Generated by org.testng.reporters.JUnitReportReporter -->
<testsuite hostname="DESKTOP-5858I79" failures="0" tests="2" name="global.coda.hopsitalmanagement.svc.services.PatientsTest" time="0.080" errors="0" timestamp="2019-09-05T17:47:00 IST" skipped="0">
  <testcase classname="global.coda.hopsitalmanagement.svc.services.PatientsTest" name="testCreatepatients" time="0.080"/>
  <testcase classname="global.coda.hopsitalmanagement.svc.services.PatientsTest" name="testReadpatients" time="0.000"/>
</testsuite> <!-- global.coda.hopsitalmanagement.svc.services.PatientsTest -->
